app/build/outputs/logs/manifest-merger-debug-report.txt
-- Merging decision tree log ---
manifest
ADDED from src\main\AndroidManifest.xml:2:1-31:12
	package
		ADDED from src\main\AndroidManifest.xml:3:2-39
		INJECTED from src\main\AndroidManifest.xml
		INJECTED from src\main\AndroidManifest.xml
	xmlns:android
		ADDED from src\main\AndroidManifest.xml:2:11-69
uses-sdk
ADDED from src\main\AndroidManifest.xml:4:2-40
	android:targetSdkVersion
		INJECTED from src\main\AndroidManifest.xml
		INJECTED from src\main\AndroidManifest.xml
	android:minSdkVersion
		ADDED from src\main\AndroidManifest.xml:4:12-38
		INJECTED from src\main\AndroidManifest.xml
		INJECTED from src\main\AndroidManifest.xml
uses-permission#android.permission.ACCESS_NETWORK_STATE
ADDED from src\main\AndroidManifest.xml:6:2-76
	android:name
		ADDED from src\main\AndroidManifest.xml:6:19-73
uses-permission#android.permission.NET_ADMIN
ADDED from src\main\AndroidManifest.xml:7:2-65
	android:name
		ADDED from src\main\AndroidManifest.xml:7:19-62
uses-permission#android.permission.ACCESS_WIFI_STATE
ADDED from src\main\AndroidManifest.xml:8:2-73
	android:name
		ADDED from src\main\AndroidManifest.xml:8:19-70
uses-permission#android.permission.CHANGE_WIFI_STATE
ADDED from src\main\AndroidManifest.xml:9:2-73
	android:name
		ADDED from src\main\AndroidManifest.xml:9:19-70
uses-permission#android.permission.CHANGE_NETWORK_STATE
ADDED from src\main\AndroidManifest.xml:10:2-75
	android:name
		ADDED from src\main\AndroidManifest.xml:10:19-73
uses-permission#android.permission.INTERNET
ADDED from src\main\AndroidManifest.xml:11:2-64
	android:name
		ADDED from src\main\AndroidManifest.xml:11:19-61
application
ADDED from src\main\AndroidManifest.xml:13:2-29:16
	android:label
		ADDED from src\main\AndroidManifest.xml:13:44-76
	android:icon
		ADDED from src\main\AndroidManifest.xml:13:15-43
activity#mediatek.android.IoTManager.IoTManager
ADDED from src\main\AndroidManifest.xml:14:3-19:14
	android:label
		ADDED from src\main\AndroidManifest.xml:14:40-76
	android:configChanges
		ADDED from src\main\AndroidManifest.xml:14:77-138
	android:name
		ADDED from src\main\AndroidManifest.xml:14:13-39
intent-filter#android.intent.action.MAIN+android.intent.category.LAUNCHER
ADDED from src\main\AndroidManifest.xml:15:4-18:20
action#android.intent.action.MAIN
ADDED from src\main\AndroidManifest.xml:16:5-57
	android:name
		ADDED from src\main\AndroidManifest.xml:16:13-54
category#android.intent.category.LAUNCHER
ADDED from src\main\AndroidManifest.xml:17:5-65
	android:name
		ADDED from src\main\AndroidManifest.xml:17:15-62
activity#mediatek.android.IoTManager.SmartConnection
ADDED from src\main\AndroidManifest.xml:21:3-22:14
	android:configChanges
		ADDED from src\main\AndroidManifest.xml:21:46-107
	android:name
		ADDED from src\main\AndroidManifest.xml:21:13-44
activity#mediatek.android.IoTManager.IoTManagement
ADDED from src\main\AndroidManifest.xml:24:3-27:14
	android:windowSoftInputMode
		ADDED from src\main\AndroidManifest.xml:26:13-52
	android:configChanges
		ADDED from src\main\AndroidManifest.xml:25:13-74
	android:name
		ADDED from src\main\AndroidManifest.xml:24:13-42